[debug] [2025-01-28T20:44:08.123Z] ----------------------------------------------------------------------
[debug] [2025-01-28T20:44:08.126Z] Command:       C:\Program Files\nodejs\node.exe C:\Users\regin\AppData\Roaming\npm\node_modules\firebase-tools\lib\bin\firebase.js deploy
[debug] [2025-01-28T20:44:08.126Z] CLI Version:   13.28.0
[debug] [2025-01-28T20:44:08.127Z] Platform:      win32
[debug] [2025-01-28T20:44:08.127Z] Node Version:  v20.18.0
[debug] [2025-01-28T20:44:08.127Z] Time:          Tue Jan 28 2025 17:44:08 GMT-0300 (Horário Padrão de Brasília)
[debug] [2025-01-28T20:44:08.127Z] ----------------------------------------------------------------------
[debug] 
[debug] [2025-01-28T20:44:08.203Z] > command requires scopes: ["email","openid","https://www.googleapis.com/auth/cloudplatformprojects.readonly","https://www.googleapis.com/auth/firebase","https://www.googleapis.com/auth/cloud-platform"]
[debug] [2025-01-28T20:44:08.203Z] > authorizing via signed-in user (reginaldoayalos0@gmail.com)
[debug] [2025-01-28T20:44:08.204Z] [iam] checking project historygameifpe for permissions ["firebase.projects.get","firebasehosting.sites.update"]
[debug] [2025-01-28T20:44:08.205Z] Checked if tokens are valid: true, expires at: 1738100487511
[debug] [2025-01-28T20:44:08.205Z] Checked if tokens are valid: true, expires at: 1738100487511
[debug] [2025-01-28T20:44:08.206Z] >>> [apiv2][query] POST https://cloudresourcemanager.googleapis.com/v1/projects/historygameifpe:testIamPermissions [none]
[debug] [2025-01-28T20:44:08.206Z] >>> [apiv2][(partial)header] POST https://cloudresourcemanager.googleapis.com/v1/projects/historygameifpe:testIamPermissions x-goog-quota-user=projects/historygameifpe
[debug] [2025-01-28T20:44:08.207Z] >>> [apiv2][body] POST https://cloudresourcemanager.googleapis.com/v1/projects/historygameifpe:testIamPermissions {"permissions":["firebase.projects.get","firebasehosting.sites.update"]}
[debug] [2025-01-28T20:44:09.349Z] <<< [apiv2][status] POST https://cloudresourcemanager.googleapis.com/v1/projects/historygameifpe:testIamPermissions 200
[debug] [2025-01-28T20:44:09.350Z] <<< [apiv2][body] POST https://cloudresourcemanager.googleapis.com/v1/projects/historygameifpe:testIamPermissions {"permissions":["firebase.projects.get","firebasehosting.sites.update"]}
[debug] [2025-01-28T20:44:09.350Z] Checked if tokens are valid: true, expires at: 1738100487511
[debug] [2025-01-28T20:44:09.350Z] Checked if tokens are valid: true, expires at: 1738100487511
[debug] [2025-01-28T20:44:09.351Z] >>> [apiv2][query] GET https://firebase.googleapis.com/v1beta1/projects/historygameifpe [none]
[debug] [2025-01-28T20:44:39.365Z] *** [apiv2] error from fetch(https://firebase.googleapis.com/v1beta1/projects/historygameifpe, {"headers":{},"method":"GET","signal":{}}): AbortError: The user aborted a request.
[debug] [2025-01-28T20:44:39.366Z] Timeout reached making request to https://firebase.googleapis.com/v1beta1/projects/historygameifpe (original: The user aborted a request.)
[error] 
[error] Error: Assertion failed: resolving hosting target of a site with no site name or target name. This should have caused an error earlier
